<?xml version="1.0" encoding="UTF-8"?>
<robot rpa="false" generator="Robot 4.1 (Jython 2.7.2 on java24.0.1)" schemaversion="2" generated="20250801 17:25:28.302">
<suite source="/Users/claudineibonilha/projects/cardif/test-web-cardif/src/test/robot" name="Robot" id="s1">
<suite source="/Users/claudineibonilha/projects/cardif/test-web-cardif/src/test/robot/tests" name="Tests" id="s1-s1">
<suite source="/Users/claudineibonilha/projects/cardif/test-web-cardif/src/test/robot/tests/LoginTest.robot" name="LoginTest" id="s1-s1-s1">
<kw type="SETUP" library="LoginSteps" name="Setup WebDriverManager">
<kw library="OperatingSystem" name="Run">
<arg>webdrivermanager chrome --linkpath ${DRIVER_DIR}</arg>
<doc>Runs the given command in the system and returns the output.</doc>
<msg level="INFO" timestamp="20250801 17:25:29.315">Running command 'webdrivermanager chrome --linkpath /Users/claudineibonilha/projects/cardif/test-web-cardif/src/test/robot/resources/steps/drivers 2&gt;&amp;1'.</msg>
<status endtime="20250801 17:25:29.321" starttime="20250801 17:25:29.190" status="PASS"/>
</kw>
<status endtime="20250801 17:25:29.324" starttime="20250801 17:25:29.179" status="PASS"/>
</kw>
<test name="Acessar pagina da google e pesquisar por praia" id="s1-s1-s1-t1">
<kw library="LoginSteps" name="Acessar a pagina do google">
<kw name="Open Browser">
<arg>url=${URL}</arg>
<arg>browser=${BROWSER}</arg>
<msg level="FAIL" timestamp="20250801 17:25:29.383">No keyword with name 'Open Browser' found.</msg>
<status endtime="20250801 17:25:29.389" starttime="20250801 17:25:29.380" status="FAIL"/>
</kw>
<status endtime="20250801 17:25:29.418" starttime="20250801 17:25:29.336" status="FAIL"/>
</kw>
<kw sourcename="digitar no campo de pesquisa &quot;${role}&quot;" library="LoginSteps" name="digitar no campo de pesquisa &quot;Cardif&quot;">
<status endtime="20250801 17:25:29.424" starttime="20250801 17:25:29.422" status="NOT RUN"/>
</kw>
<status endtime="20250801 17:25:29.429" starttime="20250801 17:25:29.329" status="FAIL">No keyword with name 'Open Browser' found.</status>
</test>
<doc>Suite de testes - Pesquisa no google</doc>
<status endtime="20250801 17:25:29.438" starttime="20250801 17:25:28.879" status="FAIL"/>
</suite>
<status endtime="20250801 17:25:29.470" starttime="20250801 17:25:28.839" status="FAIL"/>
</suite>
<status endtime="20250801 17:25:29.499" starttime="20250801 17:25:28.333" status="FAIL"/>
</suite>
<statistics>
<total>
<stat pass="0" skip="0" fail="1">All Tests</stat>
</total>
<tag>
</tag>
<suite>
<stat pass="0" skip="0" fail="1" name="Robot" id="s1">Robot</stat>
<stat pass="0" skip="0" fail="1" name="Tests" id="s1-s1">Robot.Tests</stat>
<stat pass="0" skip="0" fail="1" name="LoginTest" id="s1-s1-s1">Robot.Tests.LoginTest</stat>
</suite>
</statistics>
<errors>
<msg level="WARN" timestamp="20250801 17:25:28.111">Command line option --xunitskipnoncritical has been deprecated and has no effect.</msg>
<msg level="ERROR" timestamp="20250801 17:25:28.955">Error in file '/Users/claudineibonilha/projects/cardif/test-web-cardif/src/test/robot/resources/steps/LoginSteps.resource' on line 2: Importing library 'SeleniumLibrary' failed: ImportError: No module named SeleniumLibrary
Traceback (most recent call last):
  None
PYTHONPATH:
  /Users/claudineibonilha/.m2/repository/org/robotframework/robotframework/4.1/Lib
  /Users/claudineibonilha/.m2/repository/org/robotframework/robotframework/4.1/robotframework-4.1.jar/Lib
  __classpath__
  __pyclasspath__/
CLASSPATH:
  /Users/claudineibonilha/tools/apache-maven-3.8.6/boot/plexus-classworlds-2.6.0.jar</msg>
</errors>
</robot>
